<?xml version="1.0" encoding="UTF-8" ?>
<testsuite 
errors="0" failures="0" hostname="liush.local" name="org.apache.spark.streaming.kinesis.KinesisCheckpointerSuite" tests="7" time="0.33" timestamp="2017-09-19T08:29:06">
  <properties>
[...]
</properties>
  <testcase 
  name="checkpoint is not called twice for the same sequence number" classname="org.apache.spark.streaming.kinesis.KinesisCheckpointerSuite" time="0.012">
</testcase>
  <testcase 
  name="checkpoint is called after sequence number increases" classname="org.apache.spark.streaming.kinesis.KinesisCheckpointerSuite" time="0.002">
</testcase>
  <testcase 
  name="should checkpoint if we have exceeded the checkpoint interval" classname="org.apache.spark.streaming.kinesis.KinesisCheckpointerSuite" time="0.008">
</testcase>
  <testcase 
  name="shouldn't checkpoint if we have not exceeded the checkpoint interval" classname="org.apache.spark.streaming.kinesis.KinesisCheckpointerSuite" time="0.001">
</testcase>
  <testcase 
  name="should not checkpoint for the same sequence number" classname="org.apache.spark.streaming.kinesis.KinesisCheckpointerSuite" time="0.015">
</testcase>
  <testcase 
  name="removing checkpointer checkpoints one last time" classname="org.apache.spark.streaming.kinesis.KinesisCheckpointerSuite" time="0.002">
</testcase>
  <testcase 
  name="if checkpointing is going on, wait until finished before removing and checkpointing" classname="org.apache.spark.streaming.kinesis.KinesisCheckpointerSuite" time="0.102">
</testcase>
  <system-out><![CDATA[]]></system-out>
  <system-err><![CDATA[]]></system-err>
</testsuite>
